[]
[]
[]
[]
[]
[]
[]
[]
[]
[]
[]
[]
[]
[]
[]
[]
[]
[]
[]
[]
[]
[]
[]
[]
[]
[]
[]
[]
[]
[]
[]
[]
[]
[]
[]
[]
[]
[]
[]
[]
[]
[]
[]
[]
[]
[]
[]
[]
[]
[]
[]
[]
[]
[]
[]
[]
[]
[]
[]
[]
[]
[]
[]
[]
[]
[]
[]
[]
[]
[]
[]
[]
[]
[]
[]
[]
[]
[]
[]
[]
[]
[]
[]
[]
[]
[]
[]
[]
[]
[]
[]
[]
[]
[]
[]
[]
[]
[]
[]
[]
[]
[]
[]
[]
[]
[]
[]
[]
[]
[]
[]
[]
[]
[]
[]
[]
[]
[]
[]
[]
[]
[]
[]
[]
[]
[]
[]
[]
[]
[]
[]
[]
[]
[]
[]
[]
[]
[]
[]
[]
[]
[]
[]
[]
[]
[]
[]
[]
[]
[]
[]
[]
[]
[]
[]
[]
[]
[]
[]
[]
[]
[]
[]
[]
[]
[]
[]
[]
[]
[]
[]
[]
[]
[]
[]
[]
[]
[]
[]
[]
[]
[]
[]
[]
[]
[]
[]
[]
[]
[]
[]
[]
[]
[]
[]
[]
[]
[]
[]
[]
[{"topic"=>"karafka_topic14", "method"=>"run2", "message"=>"After + 80 - 89", "args"=>["n = ", 1]}]
[{"topic"=>"karafka_topic13", "method"=>"run", "message"=>"Before = 0", "args"=>["n = ", 1]}]
[{"topic"=>"karafka_topic13", "method"=>"run", "message"=>"Before = 0", "args"=>["n = ", 2]}]
[{"topic"=>"karafka_topic13", "method"=>"run", "message"=>"Before = 0", "args"=>["n = ", 3]}]
[{"topic"=>"karafka_topic13", "method"=>"run", "message"=>"Before = 0", "args"=>["n = ", 4]}]
[{"topic"=>"karafka_topic13", "method"=>"run", "message"=>"Before = 0", "args"=>["n = ", 5]}]
[{"topic"=>"karafka_topic13", "method"=>"run", "message"=>"Before = 0", "args"=>["n = ", 6]}]
[{"topic"=>"karafka_topic13", "method"=>"run", "message"=>"Before = 0", "args"=>["n = ", 7]}]
[{"topic"=>"karafka_topic13", "method"=>"run", "message"=>"Before = 0", "args"=>["n = ", 8]}]
[{"topic"=>"karafka_topic14", "method"=>"run2", "message"=>"After + 80 - 89", "args"=>["n = ", 2]}]
[{"topic"=>"karafka_topic14", "method"=>"run2", "message"=>"After + 80 - 89", "args"=>["n = ", 3]}]
[{"topic"=>"karafka_topic14", "method"=>"run2", "message"=>"After + 80 - 89", "args"=>["n = ", 4]}]
[{"topic"=>"karafka_topic14", "method"=>"run2", "message"=>"After + 80 - 89", "args"=>["n = ", 5]}]
[{"topic"=>"karafka_topic14", "method"=>"run2", "message"=>"After + 80 - 89", "args"=>["n = ", 6]}]
[{"topic"=>"karafka_topic14", "method"=>"run2", "message"=>"After + 80 - 89", "args"=>["n = ", 7]}]
[{"topic"=>"karafka_topic14", "method"=>"run2", "message"=>"After + 80 - 89", "args"=>["n = ", 8]}]
[{"topic"=>"karafka_topic14", "method"=>"run2", "message"=>"After + 80 - 89", "args"=>["n = ", 9]}]
[{"topic"=>"karafka_topic14", "method"=>"run2", "message"=>"After + 80 - 89", "args"=>["n = ", 10]}]
[{"topic"=>"karafka_topic14", "method"=>"run2", "message"=>"After + 80 - 89", "args"=>["n = ", 11]}]
[{"topic"=>"karafka_topic14", "method"=>"run2", "message"=>"After + 80 - 89", "args"=>["n = ", 12]}]
[{"topic"=>"karafka_topic14", "method"=>"run2", "message"=>"After + 80 - 89", "args"=>["n = ", 13]}]
[{"topic"=>"karafka_topic14", "method"=>"run2", "message"=>"After + 80 - 89", "args"=>["n = ", 14]}]
[{"topic"=>"karafka_topic14", "method"=>"run2", "message"=>"After + 80 - 89", "args"=>["n = ", 15]}]
[{"topic"=>"karafka_topic14", "method"=>"run2", "message"=>"After + 80 - 89", "args"=>["n = ", 16]}]
[{"topic"=>"karafka_topic14", "method"=>"run2", "message"=>"After + 80 - 89", "args"=>["n = ", 17]}]
[{"topic"=>"karafka_topic14", "method"=>"run2", "message"=>"After + 80 - 89", "args"=>["n = ", 18]}]
[{"topic"=>"karafka_topic14", "method"=>"run2", "message"=>"After + 80 - 89", "args"=>["n = ", 19]}]
[{"topic"=>"karafka_topic14", "method"=>"run2", "message"=>"After + 80 - 89", "args"=>["n = ", 20]}]
[{"topic"=>"karafka_topic14", "method"=>"run2", "message"=>"After + 80 - 89", "args"=>["n = ", 21]}]
[{"topic"=>"karafka_topic14", "method"=>"run2", "message"=>"After + 80 - 89", "args"=>["n = ", 22]}]
[{"topic"=>"karafka_topic14", "method"=>"run2", "message"=>"After + 80 - 89", "args"=>["n = ", 23]}]
[{"topic"=>"karafka_topic14", "method"=>"run2", "message"=>"After + 80 - 89", "args"=>["n = ", 24]}]
[{"topic"=>"karafka_topic14", "method"=>"run2", "message"=>"After + 80 - 89", "args"=>["n = ", 25]}]
[{"topic"=>"karafka_topic14", "method"=>"run2", "message"=>"After + 80 - 89", "args"=>["n = ", 26]}]
[{"topic"=>"karafka_topic14", "method"=>"run2", "message"=>"After + 80 - 89", "args"=>["n = ", 27]}]
[{"topic"=>"karafka_topic14", "method"=>"run2", "message"=>"After + 80 - 89", "args"=>["n = ", 28]}]
[{"topic"=>"karafka_topic14", "method"=>"run2", "message"=>"After + 80 - 89", "args"=>["n = ", 29]}]
[{"topic"=>"karafka_topic14", "method"=>"run2", "message"=>"After + 80 - 89", "args"=>["n = ", 30]}]
[{"topic"=>"karafka_topic14", "method"=>"run2", "message"=>"After + 80 - 89", "args"=>["n = ", 31]}]
[{"topic"=>"karafka_topic14", "method"=>"run2", "message"=>"After + 80 - 89", "args"=>["n = ", 32]}]
[{"topic"=>"karafka_topic14", "method"=>"run2", "message"=>"After + 80 - 89", "args"=>["n = ", 33]}]
[{"topic"=>"karafka_topic14", "method"=>"run2", "message"=>"After + 80 - 89", "args"=>["n = ", 34]}]
[{"topic"=>"karafka_topic14", "method"=>"run2", "message"=>"After + 80 - 89", "args"=>["n = ", 35]}]
[{"topic"=>"karafka_topic14", "method"=>"run2", "message"=>"After + 80 - 89", "args"=>["n = ", 36]}]
[{"topic"=>"karafka_topic14", "method"=>"run2", "message"=>"After + 80 - 89", "args"=>["n = ", 37]}]
[{"topic"=>"karafka_topic14", "method"=>"run2", "message"=>"After + 80 - 89", "args"=>["n = ", 38]}]
[{"topic"=>"karafka_topic14", "method"=>"run2", "message"=>"After + 80 - 89", "args"=>["n = ", 39]}]
[{"topic"=>"karafka_topic14", "method"=>"run2", "message"=>"After + 80 - 89", "args"=>["n = ", 40]}]
[{"topic"=>"karafka_topic14", "method"=>"run2", "message"=>"After + 80 - 89", "args"=>["n = ", 41]}]
[{"topic"=>"karafka_topic14", "method"=>"run2", "message"=>"After + 80 - 89", "args"=>["n = ", 42]}]
[{"topic"=>"karafka_topic14", "method"=>"run2", "message"=>"After + 80 - 89", "args"=>["n = ", 43]}]
[{"topic"=>"karafka_topic14", "method"=>"run2", "message"=>"After + 80 - 89", "args"=>["n = ", 44]}]
[{"topic"=>"karafka_topic14", "method"=>"run2", "message"=>"After + 80 - 89", "args"=>["n = ", 45]}]
[{"topic"=>"karafka_topic14", "method"=>"run2", "message"=>"After + 80 - 89", "args"=>["n = ", 46]}]
[{"topic"=>"karafka_topic14", "method"=>"run2", "message"=>"After + 80 - 89", "args"=>["n = ", 47]}]
[{"topic"=>"karafka_topic14", "method"=>"run2", "message"=>"After + 80 - 89", "args"=>["n = ", 48]}]
[{"topic"=>"karafka_topic14", "method"=>"run2", "message"=>"After + 80 - 89", "args"=>["n = ", 49]}]
[{"topic"=>"karafka_topic14", "method"=>"run2", "message"=>"After + 80 - 89", "args"=>["n = ", 50]}]
[{"topic"=>"karafka_topic14", "method"=>"run2", "message"=>"After + 80 - 89", "args"=>["n = ", 51]}]
[{"topic"=>"karafka_topic14", "method"=>"run2", "message"=>"After + 80 - 89", "args"=>["n = ", 52]}]
[{"topic"=>"karafka_topic14", "method"=>"run2", "message"=>"After + 80 - 89", "args"=>["n = ", 53]}]
[{"topic"=>"karafka_topic14", "method"=>"run2", "message"=>"After + 80 - 89", "args"=>["n = ", 54]}]
[{"topic"=>"karafka_topic14", "method"=>"run2", "message"=>"After + 80 - 89", "args"=>["n = ", 55]}]
[{"topic"=>"karafka_topic14", "method"=>"run2", "message"=>"After + 80 - 89", "args"=>["n = ", 56]}]
[{"topic"=>"karafka_topic14", "method"=>"run2", "message"=>"After + 80 - 89", "args"=>["n = ", 57]}]
[{"topic"=>"karafka_topic14", "method"=>"run2", "message"=>"After + 80 - 89", "args"=>["n = ", 58]}]
[{"topic"=>"karafka_topic14", "method"=>"run2", "message"=>"After + 80 - 89", "args"=>["n = ", 59]}]
[{"topic"=>"karafka_topic14", "method"=>"run2", "message"=>"After + 80 - 89", "args"=>["n = ", 60]}]
[{"topic"=>"karafka_topic14", "method"=>"run2", "message"=>"After + 80 - 89", "args"=>["n = ", 61]}]
[{"topic"=>"karafka_topic14", "method"=>"run2", "message"=>"After + 80 - 89", "args"=>["n = ", 62]}]
[{"topic"=>"karafka_topic14", "method"=>"run2", "message"=>"After + 80 - 89", "args"=>["n = ", 63]}]
[{"topic"=>"karafka_topic14", "method"=>"run2", "message"=>"After + 80 - 89", "args"=>["n = ", 64]}]
[{"topic"=>"karafka_topic14", "method"=>"run2", "message"=>"After + 80 - 89", "args"=>["n = ", 65]}]
[{"topic"=>"karafka_topic14", "method"=>"run2", "message"=>"After + 80 - 89", "args"=>["n = ", 66]}]
[{"topic"=>"karafka_topic14", "method"=>"run2", "message"=>"After + 80 - 89", "args"=>["n = ", 67]}]
[{"topic"=>"karafka_topic14", "method"=>"run2", "message"=>"After + 80 - 89", "args"=>["n = ", 68]}]
[{"topic"=>"karafka_topic14", "method"=>"run2", "message"=>"After + 80 - 89", "args"=>["n = ", 69]}]
[{"topic"=>"karafka_topic14", "method"=>"run2", "message"=>"After + 80 - 89", "args"=>["n = ", 70]}]
[{"topic"=>"karafka_topic14", "method"=>"run2", "message"=>"After + 80 - 89", "args"=>["n = ", 71]}]
[{"topic"=>"karafka_topic14", "method"=>"run2", "message"=>"After + 80 - 89", "args"=>["n = ", 72]}]
[{"topic"=>"karafka_topic14", "method"=>"run2", "message"=>"After + 80 - 89", "args"=>["n = ", 73]}]
[{"topic"=>"karafka_topic14", "method"=>"run2", "message"=>"After + 80 - 89", "args"=>["n = ", 74]}]
[{"topic"=>"karafka_topic14", "method"=>"run2", "message"=>"After + 80 - 89", "args"=>["n = ", 75]}]
[{"topic"=>"karafka_topic14", "method"=>"run2", "message"=>"After + 80 - 89", "args"=>["n = ", 76]}]
[{"topic"=>"karafka_topic14", "method"=>"run2", "message"=>"After + 80 - 89", "args"=>["n = ", 77]}]
[{"topic"=>"karafka_topic14", "method"=>"run2", "message"=>"After + 80 - 89", "args"=>["n = ", 78]}]
[{"topic"=>"karafka_topic14", "method"=>"run2", "message"=>"After + 80 - 89", "args"=>["n = ", 79]}]
[{"topic"=>"karafka_topic14", "method"=>"run2", "message"=>"After + 80 - 89", "args"=>["n = ", 80]}]
[{"topic"=>"karafka_topic14", "method"=>"run2", "message"=>"After + 80 - 89", "args"=>["n = ", 81]}]
[{"topic"=>"karafka_topic14", "method"=>"run2", "message"=>"After + 80 - 89", "args"=>["n = ", 82]}]
[{"topic"=>"karafka_topic14", "method"=>"run2", "message"=>"After + 80 - 89", "args"=>["n = ", 83]}]
[{"topic"=>"karafka_topic14", "method"=>"run2", "message"=>"After + 80 - 89", "args"=>["n = ", 84]}]
[{"topic"=>"karafka_topic14", "method"=>"run2", "message"=>"After + 80 - 89", "args"=>["n = ", 85]}]
[{"topic"=>"karafka_topic14", "method"=>"run2", "message"=>"After + 80 - 89", "args"=>["n = ", 86]}]
[{"topic"=>"karafka_topic14", "method"=>"run2", "message"=>"After + 80 - 89", "args"=>["n = ", 87]}]
[{"topic"=>"karafka_topic14", "method"=>"run2", "message"=>"After + 80 - 89", "args"=>["n = ", 88]}]
[{"topic"=>"karafka_topic14", "method"=>"run2", "message"=>"After + 80 - 89", "args"=>["n = ", 89]}]
[{"topic"=>"karafka_topic14", "method"=>"run2", "message"=>"After + 80 - 89", "args"=>["n = ", 90]}]
[{"topic"=>"karafka_topic14", "method"=>"run2", "message"=>"After + 80 - 89", "args"=>["n = ", 91]}]
[{"topic"=>"karafka_topic14", "method"=>"run2", "message"=>"After + 80 - 89", "args"=>["n = ", 92]}]
[{"topic"=>"karafka_topic14", "method"=>"run2", "message"=>"After + 80 - 89", "args"=>["n = ", 93]}]
[{"topic"=>"karafka_topic14", "method"=>"run2", "message"=>"After + 80 - 89", "args"=>["n = ", 94]}]
[{"topic"=>"karafka_topic14", "method"=>"run2", "message"=>"After + 80 - 89", "args"=>["n = ", 95]}]
[{"topic"=>"karafka_topic14", "method"=>"run2", "message"=>"After + 80 - 89", "args"=>["n = ", 96]}]
[{"topic"=>"karafka_topic14", "method"=>"run2", "message"=>"After + 80 - 89", "args"=>["n = ", 97]}]
[{"topic"=>"karafka_topic14", "method"=>"run2", "message"=>"After + 80 - 89", "args"=>["n = ", 98]}]
[{"topic"=>"karafka_topic14", "method"=>"run2", "message"=>"After + 80 - 89", "args"=>["n = ", 99]}]
[{"topic"=>"karafka_topic14", "method"=>"run2", "message"=>"After + 80 - 89", "args"=>["n = ", 100]}]
[{"topic"=>"karafka_topic13", "method"=>"run", "message"=>"Before = 0", "args"=>["n = ", 9]}]
[{"topic"=>"karafka_topic13", "method"=>"run", "message"=>"Before = 0", "args"=>["n = ", 10]}]
[{"topic"=>"karafka_topic13", "method"=>"run", "message"=>"Before = 0", "args"=>["n = ", 11]}]
[{"topic"=>"karafka_topic13", "method"=>"run", "message"=>"Before = 0", "args"=>["n = ", 12]}]
[{"topic"=>"karafka_topic13", "method"=>"run", "message"=>"Before = 0", "args"=>["n = ", 13]}]
[{"topic"=>"karafka_topic13", "method"=>"run", "message"=>"Before = 0", "args"=>["n = ", 14]}]
[{"topic"=>"karafka_topic13", "method"=>"run", "message"=>"Before = 0", "args"=>["n = ", 15]}]
[{"topic"=>"karafka_topic13", "method"=>"run", "message"=>"Before = 0", "args"=>["n = ", 16]}]
[{"topic"=>"karafka_topic13", "method"=>"run", "message"=>"Before = 0", "args"=>["n = ", 17]}]
[{"topic"=>"karafka_topic13", "method"=>"run", "message"=>"Before = 0", "args"=>["n = ", 18]}]
[{"topic"=>"karafka_topic13", "method"=>"run", "message"=>"Before = 0", "args"=>["n = ", 19]}]
[{"topic"=>"karafka_topic13", "method"=>"run", "message"=>"Before = 0", "args"=>["n = ", 20]}]
[{"topic"=>"karafka_topic13", "method"=>"run", "message"=>"Before = 0", "args"=>["n = ", 21]}]
[{"topic"=>"karafka_topic13", "method"=>"run", "message"=>"Before = 0", "args"=>["n = ", 22]}]
[{"topic"=>"karafka_topic13", "method"=>"run", "message"=>"Before = 0", "args"=>["n = ", 23]}]
[{"topic"=>"karafka_topic13", "method"=>"run", "message"=>"Before = 0", "args"=>["n = ", 24]}]
[{"topic"=>"karafka_topic13", "method"=>"run", "message"=>"Before = 0", "args"=>["n = ", 25]}]
[{"topic"=>"karafka_topic13", "method"=>"run", "message"=>"Before = 0", "args"=>["n = ", 26]}]
[{"topic"=>"karafka_topic13", "method"=>"run", "message"=>"Before = 0", "args"=>["n = ", 27]}]
[{"topic"=>"karafka_topic13", "method"=>"run", "message"=>"Before = 0", "args"=>["n = ", 28]}]
[{"topic"=>"karafka_topic13", "method"=>"run", "message"=>"Before = 0", "args"=>["n = ", 29]}]
[{"topic"=>"karafka_topic13", "method"=>"run", "message"=>"Before = 0", "args"=>["n = ", 30]}]
[{"topic"=>"karafka_topic13", "method"=>"run", "message"=>"Before = 0", "args"=>["n = ", 31]}]
[{"topic"=>"karafka_topic13", "method"=>"run", "message"=>"Before = 0", "args"=>["n = ", 32]}]
[{"topic"=>"karafka_topic13", "method"=>"run", "message"=>"Before = 0", "args"=>["n = ", 33]}]
[{"topic"=>"karafka_topic13", "method"=>"run", "message"=>"Before = 0", "args"=>["n = ", 34]}]
[{"topic"=>"karafka_topic13", "method"=>"run", "message"=>"Before = 0", "args"=>["n = ", 35]}]
[{"topic"=>"karafka_topic13", "method"=>"run", "message"=>"Before = 0", "args"=>["n = ", 36]}]
[{"topic"=>"karafka_topic13", "method"=>"run", "message"=>"Before = 0", "args"=>["n = ", 37]}]
[{"topic"=>"karafka_topic13", "method"=>"run", "message"=>"Before = 0", "args"=>["n = ", 38]}]
[{"topic"=>"karafka_topic13", "method"=>"run", "message"=>"Before = 0", "args"=>["n = ", 39]}]
[{"topic"=>"karafka_topic13", "method"=>"run", "message"=>"Before = 0", "args"=>["n = ", 40]}]
[{"topic"=>"karafka_topic13", "method"=>"run", "message"=>"Before = 0", "args"=>["n = ", 41]}]
[{"topic"=>"karafka_topic13", "method"=>"run", "message"=>"Before = 0", "args"=>["n = ", 42]}]
[{"topic"=>"karafka_topic13", "method"=>"run", "message"=>"Before = 0", "args"=>["n = ", 43]}]
[{"topic"=>"karafka_topic13", "method"=>"run", "message"=>"Before = 0", "args"=>["n = ", 44]}]
[{"topic"=>"karafka_topic13", "method"=>"run", "message"=>"Before = 0", "args"=>["n = ", 45]}]
[{"topic"=>"karafka_topic13", "method"=>"run", "message"=>"Before = 0", "args"=>["n = ", 46]}]
[{"topic"=>"karafka_topic13", "method"=>"run", "message"=>"Before = 0", "args"=>["n = ", 47]}]
[{"topic"=>"karafka_topic13", "method"=>"run", "message"=>"Before = 0", "args"=>["n = ", 48]}]
[{"topic"=>"karafka_topic13", "method"=>"run", "message"=>"Before = 0", "args"=>["n = ", 49]}]
[{"topic"=>"karafka_topic13", "method"=>"run", "message"=>"Before = 0", "args"=>["n = ", 50]}]
[{"topic"=>"karafka_topic13", "method"=>"run", "message"=>"Before = 0", "args"=>["n = ", 51]}]
[{"topic"=>"karafka_topic13", "method"=>"run", "message"=>"Before = 0", "args"=>["n = ", 52]}]
[{"topic"=>"karafka_topic13", "method"=>"run", "message"=>"Before = 0", "args"=>["n = ", 53]}]
[{"topic"=>"karafka_topic13", "method"=>"run", "message"=>"Before = 0", "args"=>["n = ", 54]}]
[{"topic"=>"karafka_topic13", "method"=>"run", "message"=>"Before = 0", "args"=>["n = ", 55]}]
[{"topic"=>"karafka_topic13", "method"=>"run", "message"=>"Before = 0", "args"=>["n = ", 56]}]
[{"topic"=>"karafka_topic13", "method"=>"run", "message"=>"Before = 0", "args"=>["n = ", 57]}]
[{"topic"=>"karafka_topic13", "method"=>"run", "message"=>"Before = 0", "args"=>["n = ", 58]}]
[{"topic"=>"karafka_topic13", "method"=>"run", "message"=>"Before = 0", "args"=>["n = ", 59]}]
[{"topic"=>"karafka_topic13", "method"=>"run", "message"=>"Before = 0", "args"=>["n = ", 60]}]
[{"topic"=>"karafka_topic13", "method"=>"run", "message"=>"Before = 0", "args"=>["n = ", 61]}]
[{"topic"=>"karafka_topic13", "method"=>"run", "message"=>"Before = 0", "args"=>["n = ", 62]}]
[{"topic"=>"karafka_topic13", "method"=>"run", "message"=>"Before = 0", "args"=>["n = ", 63]}]
[{"topic"=>"karafka_topic13", "method"=>"run", "message"=>"Before = 0", "args"=>["n = ", 64]}]
[{"topic"=>"karafka_topic13", "method"=>"run", "message"=>"Before = 0", "args"=>["n = ", 65]}]
[{"topic"=>"karafka_topic13", "method"=>"run", "message"=>"Before = 0", "args"=>["n = ", 66]}]
[{"topic"=>"karafka_topic13", "method"=>"run", "message"=>"Before = 0", "args"=>["n = ", 67]}]
[{"topic"=>"karafka_topic13", "method"=>"run", "message"=>"Before = 0", "args"=>["n = ", 68]}]
[{"topic"=>"karafka_topic13", "method"=>"run", "message"=>"Before = 0", "args"=>["n = ", 69]}]
[{"topic"=>"karafka_topic13", "method"=>"run", "message"=>"Before = 0", "args"=>["n = ", 70]}]
[{"topic"=>"karafka_topic13", "method"=>"run", "message"=>"Before = 0", "args"=>["n = ", 71]}]
[{"topic"=>"karafka_topic13", "method"=>"run", "message"=>"Before = 0", "args"=>["n = ", 72]}]
[{"topic"=>"karafka_topic13", "method"=>"run", "message"=>"Before = 0", "args"=>["n = ", 73]}]
[{"topic"=>"karafka_topic13", "method"=>"run", "message"=>"Before = 0", "args"=>["n = ", 74]}]
[{"topic"=>"karafka_topic13", "method"=>"run", "message"=>"Before = 0", "args"=>["n = ", 75]}]
[{"topic"=>"karafka_topic13", "method"=>"run", "message"=>"Before = 0", "args"=>["n = ", 76]}]
[{"topic"=>"karafka_topic13", "method"=>"run", "message"=>"Before = 0", "args"=>["n = ", 77]}]
[{"topic"=>"karafka_topic13", "method"=>"run", "message"=>"Before = 0", "args"=>["n = ", 78]}]
[{"topic"=>"karafka_topic13", "method"=>"run", "message"=>"Before = 0", "args"=>["n = ", 79]}]
[{"topic"=>"karafka_topic13", "method"=>"run", "message"=>"Before = 0", "args"=>["n = ", 80]}]
[{"topic"=>"karafka_topic13", "method"=>"run", "message"=>"Before = 0", "args"=>["n = ", 81]}]
[{"topic"=>"karafka_topic13", "method"=>"run", "message"=>"Before = 0", "args"=>["n = ", 82]}]
[{"topic"=>"karafka_topic13", "method"=>"run", "message"=>"Before = 0", "args"=>["n = ", 83]}]
[{"topic"=>"karafka_topic13", "method"=>"run", "message"=>"Before = 0", "args"=>["n = ", 84]}]
[{"topic"=>"karafka_topic13", "method"=>"run", "message"=>"Before = 0", "args"=>["n = ", 85]}]
[{"topic"=>"karafka_topic13", "method"=>"run", "message"=>"Before = 0", "args"=>["n = ", 86]}]
[{"topic"=>"karafka_topic13", "method"=>"run", "message"=>"Before = 0", "args"=>["n = ", 87]}]
[{"topic"=>"karafka_topic13", "method"=>"run", "message"=>"Before = 0", "args"=>["n = ", 88]}]
[{"topic"=>"karafka_topic13", "method"=>"run", "message"=>"Before = 0", "args"=>["n = ", 89]}]
[{"topic"=>"karafka_topic13", "method"=>"run", "message"=>"Before = 0", "args"=>["n = ", 90]}]
[{"topic"=>"karafka_topic13", "method"=>"run", "message"=>"Before = 0", "args"=>["n = ", 91]}]
[{"topic"=>"karafka_topic13", "method"=>"run", "message"=>"Before = 0", "args"=>["n = ", 92]}]
[{"topic"=>"karafka_topic13", "method"=>"run", "message"=>"Before = 0", "args"=>["n = ", 93]}]
[{"topic"=>"karafka_topic13", "method"=>"run", "message"=>"Before = 0", "args"=>["n = ", 94]}]
[{"topic"=>"karafka_topic13", "method"=>"run", "message"=>"Before = 0", "args"=>["n = ", 95]}]
[{"topic"=>"karafka_topic13", "method"=>"run", "message"=>"Before = 0", "args"=>["n = ", 96]}]
[{"topic"=>"karafka_topic13", "method"=>"run", "message"=>"Before = 0", "args"=>["n = ", 97]}]
[{"topic"=>"karafka_topic13", "method"=>"run", "message"=>"Before = 0", "args"=>["n = ", 98]}]
[{"topic"=>"karafka_topic13", "method"=>"run", "message"=>"Before = 0", "args"=>["n = ", 99]}]
[{"topic"=>"karafka_topic13", "method"=>"run", "message"=>"Before = 0", "args"=>["n = ", 100]}]
------------




--------------




[{"topic"=>"karafka_topic14", "method"=>"run2", "message"=>"After + 80 - 89", "args"=>["n = ", 1]}]
[{"topic"=>"karafka_topic14", "method"=>"run2", "message"=>"After + 80 - 89", "args"=>["n = ", 2]}]
[{"topic"=>"karafka_topic14", "method"=>"run2", "message"=>"After + 80 - 89", "args"=>["n = ", 3]}]
[{"topic"=>"karafka_topic14", "method"=>"run2", "message"=>"After + 80 - 89", "args"=>["n = ", 4]}]
[{"topic"=>"karafka_topic14", "method"=>"run2", "message"=>"After + 80 - 89", "args"=>["n = ", 5]}]
[{"topic"=>"karafka_topic14", "method"=>"run2", "message"=>"After + 80 - 89", "args"=>["n = ", 6]}]
[{"topic"=>"karafka_topic14", "method"=>"run2", "message"=>"After + 80 - 89", "args"=>["n = ", 7]}]
[{"topic"=>"karafka_topic14", "method"=>"run2", "message"=>"After + 80 - 89", "args"=>["n = ", 8]}]
[{"topic"=>"karafka_topic14", "method"=>"run2", "message"=>"After + 80 - 89", "args"=>["n = ", 9]}]
[{"topic"=>"karafka_topic14", "method"=>"run2", "message"=>"After + 80 - 89", "args"=>["n = ", 10]}]
[{"topic"=>"karafka_topic14", "method"=>"run2", "message"=>"After + 80 - 89", "args"=>["n = ", 11]}]
[{"topic"=>"karafka_topic14", "method"=>"run2", "message"=>"After + 80 - 89", "args"=>["n = ", 12]}]
[{"topic"=>"karafka_topic14", "method"=>"run2", "message"=>"After + 80 - 89", "args"=>["n = ", 13]}]
[{"topic"=>"karafka_topic14", "method"=>"run2", "message"=>"After + 80 - 89", "args"=>["n = ", 14]}]
[{"topic"=>"karafka_topic14", "method"=>"run2", "message"=>"After + 80 - 89", "args"=>["n = ", 15]}]
[{"topic"=>"karafka_topic14", "method"=>"run2", "message"=>"After + 80 - 89", "args"=>["n = ", 16]}]
[{"topic"=>"karafka_topic14", "method"=>"run2", "message"=>"After + 80 - 89", "args"=>["n = ", 17]}]
[{"topic"=>"karafka_topic14", "method"=>"run2", "message"=>"After + 80 - 89", "args"=>["n = ", 18]}]
[{"topic"=>"karafka_topic14", "method"=>"run2", "message"=>"After + 80 - 89", "args"=>["n = ", 19]}]
[{"topic"=>"karafka_topic14", "method"=>"run2", "message"=>"After + 80 - 89", "args"=>["n = ", 20]}]
[{"topic"=>"karafka_topic14", "method"=>"run2", "message"=>"After + 80 - 89", "args"=>["n = ", 21]}]
[{"topic"=>"karafka_topic14", "method"=>"run2", "message"=>"After + 80 - 89", "args"=>["n = ", 22]}]
[{"topic"=>"karafka_topic14", "method"=>"run2", "message"=>"After + 80 - 89", "args"=>["n = ", 23]}]
[{"topic"=>"karafka_topic14", "method"=>"run2", "message"=>"After + 80 - 89", "args"=>["n = ", 24]}]
[{"topic"=>"karafka_topic14", "method"=>"run2", "message"=>"After + 80 - 89", "args"=>["n = ", 25]}]
[{"topic"=>"karafka_topic14", "method"=>"run2", "message"=>"After + 80 - 89", "args"=>["n = ", 26]}]
[{"topic"=>"karafka_topic14", "method"=>"run2", "message"=>"After + 80 - 89", "args"=>["n = ", 27]}]
[{"topic"=>"karafka_topic14", "method"=>"run2", "message"=>"After + 80 - 89", "args"=>["n = ", 28]}]
[{"topic"=>"karafka_topic14", "method"=>"run2", "message"=>"After + 80 - 89", "args"=>["n = ", 29]}]
[{"topic"=>"karafka_topic14", "method"=>"run2", "message"=>"After + 80 - 89", "args"=>["n = ", 30]}]
[{"topic"=>"karafka_topic14", "method"=>"run2", "message"=>"After + 80 - 89", "args"=>["n = ", 31]}]
[{"topic"=>"karafka_topic14", "method"=>"run2", "message"=>"After + 80 - 89", "args"=>["n = ", 32]}]
[{"topic"=>"karafka_topic14", "method"=>"run2", "message"=>"After + 80 - 89", "args"=>["n = ", 33]}]
[{"topic"=>"karafka_topic14", "method"=>"run2", "message"=>"After + 80 - 89", "args"=>["n = ", 34]}]
[{"topic"=>"karafka_topic14", "method"=>"run2", "message"=>"After + 80 - 89", "args"=>["n = ", 35]}]
[{"topic"=>"karafka_topic14", "method"=>"run2", "message"=>"After + 80 - 89", "args"=>["n = ", 36]}]
[{"topic"=>"karafka_topic14", "method"=>"run2", "message"=>"After + 80 - 89", "args"=>["n = ", 37]}]
[{"topic"=>"karafka_topic14", "method"=>"run2", "message"=>"After + 80 - 89", "args"=>["n = ", 38]}]
[{"topic"=>"karafka_topic14", "method"=>"run2", "message"=>"After + 80 - 89", "args"=>["n = ", 39]}]
[{"topic"=>"karafka_topic14", "method"=>"run2", "message"=>"After + 80 - 89", "args"=>["n = ", 40]}]
[{"topic"=>"karafka_topic14", "method"=>"run2", "message"=>"After + 80 - 89", "args"=>["n = ", 41]}]
[{"topic"=>"karafka_topic14", "method"=>"run2", "message"=>"After + 80 - 89", "args"=>["n = ", 42]}]
[{"topic"=>"karafka_topic14", "method"=>"run2", "message"=>"After + 80 - 89", "args"=>["n = ", 43]}]
[{"topic"=>"karafka_topic14", "method"=>"run2", "message"=>"After + 80 - 89", "args"=>["n = ", 44]}]
[{"topic"=>"karafka_topic14", "method"=>"run2", "message"=>"After + 80 - 89", "args"=>["n = ", 45]}]
[{"topic"=>"karafka_topic14", "method"=>"run2", "message"=>"After + 80 - 89", "args"=>["n = ", 46]}]
[{"topic"=>"karafka_topic14", "method"=>"run2", "message"=>"After + 80 - 89", "args"=>["n = ", 47]}]
[{"topic"=>"karafka_topic14", "method"=>"run2", "message"=>"After + 80 - 89", "args"=>["n = ", 48]}]
[{"topic"=>"karafka_topic14", "method"=>"run2", "message"=>"After + 80 - 89", "args"=>["n = ", 49]}]
[{"topic"=>"karafka_topic14", "method"=>"run2", "message"=>"After + 80 - 89", "args"=>["n = ", 50]}]
[{"topic"=>"karafka_topic14", "method"=>"run2", "message"=>"After + 80 - 89", "args"=>["n = ", 51]}]
[{"topic"=>"karafka_topic14", "method"=>"run2", "message"=>"After + 80 - 89", "args"=>["n = ", 52]}]
[{"topic"=>"karafka_topic14", "method"=>"run2", "message"=>"After + 80 - 89", "args"=>["n = ", 53]}]
[{"topic"=>"karafka_topic14", "method"=>"run2", "message"=>"After + 80 - 89", "args"=>["n = ", 54]}]
[{"topic"=>"karafka_topic14", "method"=>"run2", "message"=>"After + 80 - 89", "args"=>["n = ", 55]}]
[{"topic"=>"karafka_topic14", "method"=>"run2", "message"=>"After + 80 - 89", "args"=>["n = ", 56]}]
[{"topic"=>"karafka_topic14", "method"=>"run2", "message"=>"After + 80 - 89", "args"=>["n = ", 57]}]
[{"topic"=>"karafka_topic14", "method"=>"run2", "message"=>"After + 80 - 89", "args"=>["n = ", 58]}]
[{"topic"=>"karafka_topic14", "method"=>"run2", "message"=>"After + 80 - 89", "args"=>["n = ", 59]}]
[{"topic"=>"karafka_topic14", "method"=>"run2", "message"=>"After + 80 - 89", "args"=>["n = ", 60]}]
[{"topic"=>"karafka_topic14", "method"=>"run2", "message"=>"After + 80 - 89", "args"=>["n = ", 61]}]
[{"topic"=>"karafka_topic14", "method"=>"run2", "message"=>"After + 80 - 89", "args"=>["n = ", 62]}]
[{"topic"=>"karafka_topic14", "method"=>"run2", "message"=>"After + 80 - 89", "args"=>["n = ", 63]}]
[{"topic"=>"karafka_topic14", "method"=>"run2", "message"=>"After + 80 - 89", "args"=>["n = ", 64]}]
[{"topic"=>"karafka_topic14", "method"=>"run2", "message"=>"After + 80 - 89", "args"=>["n = ", 65]}]
[{"topic"=>"karafka_topic14", "method"=>"run2", "message"=>"After + 80 - 89", "args"=>["n = ", 66]}]
[{"topic"=>"karafka_topic14", "method"=>"run2", "message"=>"After + 80 - 89", "args"=>["n = ", 67]}]
[{"topic"=>"karafka_topic14", "method"=>"run2", "message"=>"After + 80 - 89", "args"=>["n = ", 68]}]
[{"topic"=>"karafka_topic14", "method"=>"run2", "message"=>"After + 80 - 89", "args"=>["n = ", 69]}]
[{"topic"=>"karafka_topic14", "method"=>"run2", "message"=>"After + 80 - 89", "args"=>["n = ", 70]}]
[{"topic"=>"karafka_topic14", "method"=>"run2", "message"=>"After + 80 - 89", "args"=>["n = ", 71]}]
[{"topic"=>"karafka_topic14", "method"=>"run2", "message"=>"After + 80 - 89", "args"=>["n = ", 72]}]
[{"topic"=>"karafka_topic14", "method"=>"run2", "message"=>"After + 80 - 89", "args"=>["n = ", 73]}]
[{"topic"=>"karafka_topic14", "method"=>"run2", "message"=>"After + 80 - 89", "args"=>["n = ", 74]}]
[{"topic"=>"karafka_topic14", "method"=>"run2", "message"=>"After + 80 - 89", "args"=>["n = ", 75]}]
[{"topic"=>"karafka_topic14", "method"=>"run2", "message"=>"After + 80 - 89", "args"=>["n = ", 76]}]
[{"topic"=>"karafka_topic14", "method"=>"run2", "message"=>"After + 80 - 89", "args"=>["n = ", 77]}]
[{"topic"=>"karafka_topic14", "method"=>"run2", "message"=>"After + 80 - 89", "args"=>["n = ", 78]}]
[{"topic"=>"karafka_topic14", "method"=>"run2", "message"=>"After + 80 - 89", "args"=>["n = ", 79]}]
[{"topic"=>"karafka_topic14", "method"=>"run2", "message"=>"After + 80 - 89", "args"=>["n = ", 80]}]
[{"topic"=>"karafka_topic14", "method"=>"run2", "message"=>"After + 80 - 89", "args"=>["n = ", 81]}]
[{"topic"=>"karafka_topic14", "method"=>"run2", "message"=>"After + 80 - 89", "args"=>["n = ", 82]}]
[{"topic"=>"karafka_topic14", "method"=>"run2", "message"=>"After + 80 - 89", "args"=>["n = ", 83]}]
[{"topic"=>"karafka_topic14", "method"=>"run2", "message"=>"After + 80 - 89", "args"=>["n = ", 84]}]
[{"topic"=>"karafka_topic14", "method"=>"run2", "message"=>"After + 80 - 89", "args"=>["n = ", 85]}]
[{"topic"=>"karafka_topic14", "method"=>"run2", "message"=>"After + 80 - 89", "args"=>["n = ", 86]}]
[{"topic"=>"karafka_topic14", "method"=>"run2", "message"=>"After + 80 - 89", "args"=>["n = ", 87]}]
[{"topic"=>"karafka_topic14", "method"=>"run2", "message"=>"After + 80 - 89", "args"=>["n = ", 88]}]
[{"topic"=>"karafka_topic14", "method"=>"run2", "message"=>"After + 80 - 89", "args"=>["n = ", 89]}]
[{"topic"=>"karafka_topic14", "method"=>"run2", "message"=>"After + 80 - 89", "args"=>["n = ", 90]}]
[{"topic"=>"karafka_topic14", "method"=>"run2", "message"=>"After + 80 - 89", "args"=>["n = ", 91]}]
[{"topic"=>"karafka_topic14", "method"=>"run2", "message"=>"After + 80 - 89", "args"=>["n = ", 92]}]
[{"topic"=>"karafka_topic14", "method"=>"run2", "message"=>"After + 80 - 89", "args"=>["n = ", 93]}]
[{"topic"=>"karafka_topic14", "method"=>"run2", "message"=>"After + 80 - 89", "args"=>["n = ", 94]}]
[{"topic"=>"karafka_topic14", "method"=>"run2", "message"=>"After + 80 - 89", "args"=>["n = ", 95]}]
[{"topic"=>"karafka_topic14", "method"=>"run2", "message"=>"After + 80 - 89", "args"=>["n = ", 96]}]
[{"topic"=>"karafka_topic14", "method"=>"run2", "message"=>"After + 80 - 89", "args"=>["n = ", 97]}]
[{"topic"=>"karafka_topic14", "method"=>"run2", "message"=>"After + 80 - 89", "args"=>["n = ", 98]}]
[{"topic"=>"karafka_topic14", "method"=>"run2", "message"=>"After + 80 - 89", "args"=>["n = ", 99]}]
[{"topic"=>"karafka_topic14", "method"=>"run2", "message"=>"After + 80 - 89", "args"=>["n = ", 100]}]



This is [{"topic"=>"karafka_topic14", "method"=>"run2", "message"=>"After + 80 - 89", "args"=>["n = ", 1]}]
This is [{"topic"=>"karafka_topic14", "method"=>"run2", "message"=>"After + 80 - 89", "args"=>["n = ", 2]}]
This is [{"topic"=>"karafka_topic14", "method"=>"run2", "message"=>"After + 80 - 89", "args"=>["n = ", 3]}]
This is [{"topic"=>"karafka_topic14", "method"=>"run2", "message"=>"After + 80 - 89", "args"=>["n = ", 4]}]
This is [{"topic"=>"karafka_topic14", "method"=>"run2", "message"=>"After + 80 - 89", "args"=>["n = ", 5]}]
This is [{"topic"=>"karafka_topic14", "method"=>"run2", "message"=>"After + 80 - 89", "args"=>["n = ", 6]}]
This is [{"topic"=>"karafka_topic14", "method"=>"run2", "message"=>"After + 80 - 89", "args"=>["n = ", 7]}]
This is [{"topic"=>"karafka_topic14", "method"=>"run2", "message"=>"After + 80 - 89", "args"=>["n = ", 8]}]
This is [{"topic"=>"karafka_topic14", "method"=>"run2", "message"=>"After + 80 - 89", "args"=>["n = ", 9]}]
This is [{"topic"=>"karafka_topic14", "method"=>"run2", "message"=>"After + 80 - 89", "args"=>["n = ", 10]}]
This is [{"topic"=>"karafka_topic14", "method"=>"run2", "message"=>"After + 80 - 89", "args"=>["n = ", 11]}]
This is [{"topic"=>"karafka_topic14", "method"=>"run2", "message"=>"After + 80 - 89", "args"=>["n = ", 12]}]
This is [{"topic"=>"karafka_topic14", "method"=>"run2", "message"=>"After + 80 - 89", "args"=>["n = ", 13]}]
This is [{"topic"=>"karafka_topic14", "method"=>"run2", "message"=>"After + 80 - 89", "args"=>["n = ", 14]}]
This is [{"topic"=>"karafka_topic14", "method"=>"run2", "message"=>"After + 80 - 89", "args"=>["n = ", 15]}]
This is [{"topic"=>"karafka_topic14", "method"=>"run2", "message"=>"After + 80 - 89", "args"=>["n = ", 16]}]
This is [{"topic"=>"karafka_topic14", "method"=>"run2", "message"=>"After + 80 - 89", "args"=>["n = ", 17]}]
This is [{"topic"=>"karafka_topic14", "method"=>"run2", "message"=>"After + 80 - 89", "args"=>["n = ", 18]}]
This is [{"topic"=>"karafka_topic14", "method"=>"run2", "message"=>"After + 80 - 89", "args"=>["n = ", 19]}]
This is [{"topic"=>"karafka_topic14", "method"=>"run2", "message"=>"After + 80 - 89", "args"=>["n = ", 20]}]
This is [{"topic"=>"karafka_topic14", "method"=>"run2", "message"=>"After + 80 - 89", "args"=>["n = ", 21]}]
This is [{"topic"=>"karafka_topic14", "method"=>"run2", "message"=>"After + 80 - 89", "args"=>["n = ", 22]}]
This is [{"topic"=>"karafka_topic14", "method"=>"run2", "message"=>"After + 80 - 89", "args"=>["n = ", 23]}]
This is [{"topic"=>"karafka_topic14", "method"=>"run2", "message"=>"After + 80 - 89", "args"=>["n = ", 24]}]
This is [{"topic"=>"karafka_topic14", "method"=>"run2", "message"=>"After + 80 - 89", "args"=>["n = ", 25]}]
This is [{"topic"=>"karafka_topic14", "method"=>"run2", "message"=>"After + 80 - 89", "args"=>["n = ", 26]}]
This is [{"topic"=>"karafka_topic14", "method"=>"run2", "message"=>"After + 80 - 89", "args"=>["n = ", 27]}]
This is [{"topic"=>"karafka_topic14", "method"=>"run2", "message"=>"After + 80 - 89", "args"=>["n = ", 28]}]
This is [{"topic"=>"karafka_topic14", "method"=>"run2", "message"=>"After + 80 - 89", "args"=>["n = ", 29]}]
This is [{"topic"=>"karafka_topic14", "method"=>"run2", "message"=>"After + 80 - 89", "args"=>["n = ", 30]}]
This is [{"topic"=>"karafka_topic14", "method"=>"run2", "message"=>"After + 80 - 89", "args"=>["n = ", 31]}]
This is [{"topic"=>"karafka_topic14", "method"=>"run2", "message"=>"After + 80 - 89", "args"=>["n = ", 32]}]
This is [{"topic"=>"karafka_topic14", "method"=>"run2", "message"=>"After + 80 - 89", "args"=>["n = ", 33]}]
This is [{"topic"=>"karafka_topic14", "method"=>"run2", "message"=>"After + 80 - 89", "args"=>["n = ", 34]}]
This is [{"topic"=>"karafka_topic14", "method"=>"run2", "message"=>"After + 80 - 89", "args"=>["n = ", 35]}]
This is [{"topic"=>"karafka_topic14", "method"=>"run2", "message"=>"After + 80 - 89", "args"=>["n = ", 36]}]
This is [{"topic"=>"karafka_topic14", "method"=>"run2", "message"=>"After + 80 - 89", "args"=>["n = ", 37]}]
This is [{"topic"=>"karafka_topic14", "method"=>"run2", "message"=>"After + 80 - 89", "args"=>["n = ", 38]}]
This is [{"topic"=>"karafka_topic14", "method"=>"run2", "message"=>"After + 80 - 89", "args"=>["n = ", 39]}]
This is [{"topic"=>"karafka_topic14", "method"=>"run2", "message"=>"After + 80 - 89", "args"=>["n = ", 40]}]
This is [{"topic"=>"karafka_topic14", "method"=>"run2", "message"=>"After + 80 - 89", "args"=>["n = ", 41]}]
This is [{"topic"=>"karafka_topic14", "method"=>"run2", "message"=>"After + 80 - 89", "args"=>["n = ", 42]}]
This is [{"topic"=>"karafka_topic14", "method"=>"run2", "message"=>"After + 80 - 89", "args"=>["n = ", 43]}]
This is [{"topic"=>"karafka_topic14", "method"=>"run2", "message"=>"After + 80 - 89", "args"=>["n = ", 44]}]
This is [{"topic"=>"karafka_topic14", "method"=>"run2", "message"=>"After + 80 - 89", "args"=>["n = ", 45]}]
This is [{"topic"=>"karafka_topic14", "method"=>"run2", "message"=>"After + 80 - 89", "args"=>["n = ", 46]}]
This is [{"topic"=>"karafka_topic14", "method"=>"run2", "message"=>"After + 80 - 89", "args"=>["n = ", 47]}]
This is [{"topic"=>"karafka_topic14", "method"=>"run2", "message"=>"After + 80 - 89", "args"=>["n = ", 48]}]
This is [{"topic"=>"karafka_topic14", "method"=>"run2", "message"=>"After + 80 - 89", "args"=>["n = ", 49]}]
This is [{"topic"=>"karafka_topic14", "method"=>"run2", "message"=>"After + 80 - 89", "args"=>["n = ", 50]}]
This is [{"topic"=>"karafka_topic14", "method"=>"run2", "message"=>"After + 80 - 89", "args"=>["n = ", 51]}]
This is [{"topic"=>"karafka_topic14", "method"=>"run2", "message"=>"After + 80 - 89", "args"=>["n = ", 52]}]
This is [{"topic"=>"karafka_topic14", "method"=>"run2", "message"=>"After + 80 - 89", "args"=>["n = ", 53]}]
This is [{"topic"=>"karafka_topic14", "method"=>"run2", "message"=>"After + 80 - 89", "args"=>["n = ", 54]}]
This is [{"topic"=>"karafka_topic14", "method"=>"run2", "message"=>"After + 80 - 89", "args"=>["n = ", 55]}]
This is [{"topic"=>"karafka_topic14", "method"=>"run2", "message"=>"After + 80 - 89", "args"=>["n = ", 56]}]
This is [{"topic"=>"karafka_topic14", "method"=>"run2", "message"=>"After + 80 - 89", "args"=>["n = ", 57]}]
This is [{"topic"=>"karafka_topic14", "method"=>"run2", "message"=>"After + 80 - 89", "args"=>["n = ", 58]}]
This is [{"topic"=>"karafka_topic14", "method"=>"run2", "message"=>"After + 80 - 89", "args"=>["n = ", 59]}]
This is [{"topic"=>"karafka_topic14", "method"=>"run2", "message"=>"After + 80 - 89", "args"=>["n = ", 60]}]
This is [{"topic"=>"karafka_topic14", "method"=>"run2", "message"=>"After + 80 - 89", "args"=>["n = ", 61]}]
This is [{"topic"=>"karafka_topic14", "method"=>"run2", "message"=>"After + 80 - 89", "args"=>["n = ", 62]}]
This is [{"topic"=>"karafka_topic14", "method"=>"run2", "message"=>"After + 80 - 89", "args"=>["n = ", 63]}]
This is [{"topic"=>"karafka_topic14", "method"=>"run2", "message"=>"After + 80 - 89", "args"=>["n = ", 64]}]
This is [{"topic"=>"karafka_topic14", "method"=>"run2", "message"=>"After + 80 - 89", "args"=>["n = ", 65]}]
This is [{"topic"=>"karafka_topic14", "method"=>"run2", "message"=>"After + 80 - 89", "args"=>["n = ", 66]}]
This is [{"topic"=>"karafka_topic14", "method"=>"run2", "message"=>"After + 80 - 89", "args"=>["n = ", 67]}]
This is [{"topic"=>"karafka_topic14", "method"=>"run2", "message"=>"After + 80 - 89", "args"=>["n = ", 68]}]
This is [{"topic"=>"karafka_topic14", "method"=>"run2", "message"=>"After + 80 - 89", "args"=>["n = ", 69]}]
This is [{"topic"=>"karafka_topic14", "method"=>"run2", "message"=>"After + 80 - 89", "args"=>["n = ", 70]}]
This is [{"topic"=>"karafka_topic14", "method"=>"run2", "message"=>"After + 80 - 89", "args"=>["n = ", 71]}]
This is [{"topic"=>"karafka_topic14", "method"=>"run2", "message"=>"After + 80 - 89", "args"=>["n = ", 72]}]
This is [{"topic"=>"karafka_topic14", "method"=>"run2", "message"=>"After + 80 - 89", "args"=>["n = ", 73]}]
This is [{"topic"=>"karafka_topic14", "method"=>"run2", "message"=>"After + 80 - 89", "args"=>["n = ", 74]}]
This is [{"topic"=>"karafka_topic14", "method"=>"run2", "message"=>"After + 80 - 89", "args"=>["n = ", 75]}]
This is [{"topic"=>"karafka_topic14", "method"=>"run2", "message"=>"After + 80 - 89", "args"=>["n = ", 76]}]
This is [{"topic"=>"karafka_topic14", "method"=>"run2", "message"=>"After + 80 - 89", "args"=>["n = ", 77]}]
This is [{"topic"=>"karafka_topic14", "method"=>"run2", "message"=>"After + 80 - 89", "args"=>["n = ", 78]}]
This is [{"topic"=>"karafka_topic14", "method"=>"run2", "message"=>"After + 80 - 89", "args"=>["n = ", 79]}]
This is [{"topic"=>"karafka_topic14", "method"=>"run2", "message"=>"After + 80 - 89", "args"=>["n = ", 80]}]
This is [{"topic"=>"karafka_topic14", "method"=>"run2", "message"=>"After + 80 - 89", "args"=>["n = ", 81]}]
This is [{"topic"=>"karafka_topic14", "method"=>"run2", "message"=>"After + 80 - 89", "args"=>["n = ", 82]}]
This is [{"topic"=>"karafka_topic14", "method"=>"run2", "message"=>"After + 80 - 89", "args"=>["n = ", 83]}]
This is [{"topic"=>"karafka_topic14", "method"=>"run2", "message"=>"After + 80 - 89", "args"=>["n = ", 84]}]
This is [{"topic"=>"karafka_topic14", "method"=>"run2", "message"=>"After + 80 - 89", "args"=>["n = ", 85]}]
This is [{"topic"=>"karafka_topic14", "method"=>"run2", "message"=>"After + 80 - 89", "args"=>["n = ", 86]}]
This is [{"topic"=>"karafka_topic14", "method"=>"run2", "message"=>"After + 80 - 89", "args"=>["n = ", 87]}]
This is [{"topic"=>"karafka_topic14", "method"=>"run2", "message"=>"After + 80 - 89", "args"=>["n = ", 88]}]
This is [{"topic"=>"karafka_topic14", "method"=>"run2", "message"=>"After + 80 - 89", "args"=>["n = ", 89]}]
This is [{"topic"=>"karafka_topic14", "method"=>"run2", "message"=>"After + 80 - 89", "args"=>["n = ", 90]}]
This is [{"topic"=>"karafka_topic14", "method"=>"run2", "message"=>"After + 80 - 89", "args"=>["n = ", 91]}]
This is [{"topic"=>"karafka_topic14", "method"=>"run2", "message"=>"After + 80 - 89", "args"=>["n = ", 92]}]
This is [{"topic"=>"karafka_topic14", "method"=>"run2", "message"=>"After + 80 - 89", "args"=>["n = ", 93]}]
This is [{"topic"=>"karafka_topic14", "method"=>"run2", "message"=>"After + 80 - 89", "args"=>["n = ", 94]}]
This is [{"topic"=>"karafka_topic14", "method"=>"run2", "message"=>"After + 80 - 89", "args"=>["n = ", 95]}]
This is [{"topic"=>"karafka_topic14", "method"=>"run2", "message"=>"After + 80 - 89", "args"=>["n = ", 96]}]
This is [{"topic"=>"karafka_topic14", "method"=>"run2", "message"=>"After + 80 - 89", "args"=>["n = ", 97]}]
This is [{"topic"=>"karafka_topic14", "method"=>"run2", "message"=>"After + 80 - 89", "args"=>["n = ", 98]}]
This is [{"topic"=>"karafka_topic14", "method"=>"run2", "message"=>"After + 80 - 89", "args"=>["n = ", 99]}]
This is [{"topic"=>"karafka_topic14", "method"=>"run2", "message"=>"After + 80 - 89", "args"=>["n = ", 100]}]



=-=-=-=-


This is [{"topic"=>"karafka_topic14", "method"=>"run2", "message"=>"After + 80 - 89", "args"=>["n = ", 1]}]
This is [{"topic"=>"karafka_topic14", "method"=>"run2", "message"=>"After + 80 - 89", "args"=>["n = ", 2]}]
This is [{"topic"=>"karafka_topic14", "method"=>"run2", "message"=>"After + 80 - 89", "args"=>["n = ", 3]}]
This is [{"topic"=>"karafka_topic14", "method"=>"run2", "message"=>"After + 80 - 89", "args"=>["n = ", 4]}]
This is [{"topic"=>"karafka_topic14", "method"=>"run2", "message"=>"After + 80 - 89", "args"=>["n = ", 5]}]
This is [{"topic"=>"karafka_topic14", "method"=>"run2", "message"=>"After + 80 - 89", "args"=>["n = ", 6]}]
This is [{"topic"=>"karafka_topic14", "method"=>"run2", "message"=>"After + 80 - 89", "args"=>["n = ", 7]}]
This is [{"topic"=>"karafka_topic14", "method"=>"run2", "message"=>"After + 80 - 89", "args"=>["n = ", 8]}]
This is [{"topic"=>"karafka_topic14", "method"=>"run2", "message"=>"After + 80 - 89", "args"=>["n = ", 9]}]
This is [{"topic"=>"karafka_topic14", "method"=>"run2", "message"=>"After + 80 - 89", "args"=>["n = ", 10]}]
This is [{"topic"=>"karafka_topic14", "method"=>"run2", "message"=>"After + 80 - 89", "args"=>["n = ", 11]}]
This is [{"topic"=>"karafka_topic14", "method"=>"run2", "message"=>"After + 80 - 89", "args"=>["n = ", 12]}]
This is [{"topic"=>"karafka_topic14", "method"=>"run2", "message"=>"After + 80 - 89", "args"=>["n = ", 13]}]
This is [{"topic"=>"karafka_topic14", "method"=>"run2", "message"=>"After + 80 - 89", "args"=>["n = ", 14]}]
This is [{"topic"=>"karafka_topic14", "method"=>"run2", "message"=>"After + 80 - 89", "args"=>["n = ", 15]}]
This is [{"topic"=>"karafka_topic14", "method"=>"run2", "message"=>"After + 80 - 89", "args"=>["n = ", 16]}]
This is [{"topic"=>"karafka_topic14", "method"=>"run2", "message"=>"After + 80 - 89", "args"=>["n = ", 17]}]
This is [{"topic"=>"karafka_topic14", "method"=>"run2", "message"=>"After + 80 - 89", "args"=>["n = ", 18]}]
This is [{"topic"=>"karafka_topic14", "method"=>"run2", "message"=>"After + 80 - 89", "args"=>["n = ", 19]}]
This is [{"topic"=>"karafka_topic14", "method"=>"run2", "message"=>"After + 80 - 89", "args"=>["n = ", 20]}]
This is [{"topic"=>"karafka_topic14", "method"=>"run2", "message"=>"After + 80 - 89", "args"=>["n = ", 21]}]
This is [{"topic"=>"karafka_topic14", "method"=>"run2", "message"=>"After + 80 - 89", "args"=>["n = ", 22]}]
This is [{"topic"=>"karafka_topic14", "method"=>"run2", "message"=>"After + 80 - 89", "args"=>["n = ", 23]}]
This is [{"topic"=>"karafka_topic14", "method"=>"run2", "message"=>"After + 80 - 89", "args"=>["n = ", 24]}]
This is [{"topic"=>"karafka_topic14", "method"=>"run2", "message"=>"After + 80 - 89", "args"=>["n = ", 25]}]
This is [{"topic"=>"karafka_topic14", "method"=>"run2", "message"=>"After + 80 - 89", "args"=>["n = ", 26]}]
This is [{"topic"=>"karafka_topic14", "method"=>"run2", "message"=>"After + 80 - 89", "args"=>["n = ", 27]}]
This is [{"topic"=>"karafka_topic14", "method"=>"run2", "message"=>"After + 80 - 89", "args"=>["n = ", 28]}]
This is [{"topic"=>"karafka_topic14", "method"=>"run2", "message"=>"After + 80 - 89", "args"=>["n = ", 29]}]
This is [{"topic"=>"karafka_topic14", "method"=>"run2", "message"=>"After + 80 - 89", "args"=>["n = ", 30]}]
This is [{"topic"=>"karafka_topic14", "method"=>"run2", "message"=>"After + 80 - 89", "args"=>["n = ", 31]}]
This is [{"topic"=>"karafka_topic14", "method"=>"run2", "message"=>"After + 80 - 89", "args"=>["n = ", 32]}]
This is [{"topic"=>"karafka_topic14", "method"=>"run2", "message"=>"After + 80 - 89", "args"=>["n = ", 33]}]
This is [{"topic"=>"karafka_topic14", "method"=>"run2", "message"=>"After + 80 - 89", "args"=>["n = ", 34]}]
This is [{"topic"=>"karafka_topic14", "method"=>"run2", "message"=>"After + 80 - 89", "args"=>["n = ", 35]}]
This is [{"topic"=>"karafka_topic14", "method"=>"run2", "message"=>"After + 80 - 89", "args"=>["n = ", 36]}]
This is [{"topic"=>"karafka_topic14", "method"=>"run2", "message"=>"After + 80 - 89", "args"=>["n = ", 37]}]
This is [{"topic"=>"karafka_topic14", "method"=>"run2", "message"=>"After + 80 - 89", "args"=>["n = ", 38]}]
This is [{"topic"=>"karafka_topic14", "method"=>"run2", "message"=>"After + 80 - 89", "args"=>["n = ", 39]}]
This is [{"topic"=>"karafka_topic14", "method"=>"run2", "message"=>"After + 80 - 89", "args"=>["n = ", 40]}]
This is [{"topic"=>"karafka_topic14", "method"=>"run2", "message"=>"After + 80 - 89", "args"=>["n = ", 41]}]
This is [{"topic"=>"karafka_topic14", "method"=>"run2", "message"=>"After + 80 - 89", "args"=>["n = ", 42]}]
This is [{"topic"=>"karafka_topic14", "method"=>"run2", "message"=>"After + 80 - 89", "args"=>["n = ", 43]}]
This is [{"topic"=>"karafka_topic14", "method"=>"run2", "message"=>"After + 80 - 89", "args"=>["n = ", 44]}]
This is [{"topic"=>"karafka_topic14", "method"=>"run2", "message"=>"After + 80 - 89", "args"=>["n = ", 45]}]
This is [{"topic"=>"karafka_topic14", "method"=>"run2", "message"=>"After + 80 - 89", "args"=>["n = ", 46]}]
This is [{"topic"=>"karafka_topic14", "method"=>"run2", "message"=>"After + 80 - 89", "args"=>["n = ", 47]}]
This is [{"topic"=>"karafka_topic14", "method"=>"run2", "message"=>"After + 80 - 89", "args"=>["n = ", 48]}]
This is [{"topic"=>"karafka_topic14", "method"=>"run2", "message"=>"After + 80 - 89", "args"=>["n = ", 49]}]
This is [{"topic"=>"karafka_topic14", "method"=>"run2", "message"=>"After + 80 - 89", "args"=>["n = ", 50]}]
This is [{"topic"=>"karafka_topic14", "method"=>"run2", "message"=>"After + 80 - 89", "args"=>["n = ", 51]}]
This is [{"topic"=>"karafka_topic14", "method"=>"run2", "message"=>"After + 80 - 89", "args"=>["n = ", 52]}]
This is [{"topic"=>"karafka_topic14", "method"=>"run2", "message"=>"After + 80 - 89", "args"=>["n = ", 53]}]
This is [{"topic"=>"karafka_topic14", "method"=>"run2", "message"=>"After + 80 - 89", "args"=>["n = ", 54]}]
This is [{"topic"=>"karafka_topic14", "method"=>"run2", "message"=>"After + 80 - 89", "args"=>["n = ", 55]}]
This is [{"topic"=>"karafka_topic14", "method"=>"run2", "message"=>"After + 80 - 89", "args"=>["n = ", 56]}]
This is [{"topic"=>"karafka_topic14", "method"=>"run2", "message"=>"After + 80 - 89", "args"=>["n = ", 57]}]
This is [{"topic"=>"karafka_topic14", "method"=>"run2", "message"=>"After + 80 - 89", "args"=>["n = ", 58]}]
This is [{"topic"=>"karafka_topic14", "method"=>"run2", "message"=>"After + 80 - 89", "args"=>["n = ", 59]}]
This is [{"topic"=>"karafka_topic14", "method"=>"run2", "message"=>"After + 80 - 89", "args"=>["n = ", 60]}]
This is [{"topic"=>"karafka_topic14", "method"=>"run2", "message"=>"After + 80 - 89", "args"=>["n = ", 61]}]
This is [{"topic"=>"karafka_topic14", "method"=>"run2", "message"=>"After + 80 - 89", "args"=>["n = ", 62]}]
This is [{"topic"=>"karafka_topic14", "method"=>"run2", "message"=>"After + 80 - 89", "args"=>["n = ", 63]}]
This is [{"topic"=>"karafka_topic14", "method"=>"run2", "message"=>"After + 80 - 89", "args"=>["n = ", 64]}]
This is [{"topic"=>"karafka_topic14", "method"=>"run2", "message"=>"After + 80 - 89", "args"=>["n = ", 65]}]
This is [{"topic"=>"karafka_topic14", "method"=>"run2", "message"=>"After + 80 - 89", "args"=>["n = ", 66]}]
This is [{"topic"=>"karafka_topic14", "method"=>"run2", "message"=>"After + 80 - 89", "args"=>["n = ", 67]}]
This is [{"topic"=>"karafka_topic14", "method"=>"run2", "message"=>"After + 80 - 89", "args"=>["n = ", 68]}]
This is [{"topic"=>"karafka_topic14", "method"=>"run2", "message"=>"After + 80 - 89", "args"=>["n = ", 69]}]
This is [{"topic"=>"karafka_topic14", "method"=>"run2", "message"=>"After + 80 - 89", "args"=>["n = ", 70]}]
This is [{"topic"=>"karafka_topic14", "method"=>"run2", "message"=>"After + 80 - 89", "args"=>["n = ", 71]}]
This is [{"topic"=>"karafka_topic14", "method"=>"run2", "message"=>"After + 80 - 89", "args"=>["n = ", 72]}]
This is [{"topic"=>"karafka_topic14", "method"=>"run2", "message"=>"After + 80 - 89", "args"=>["n = ", 73]}]
This is [{"topic"=>"karafka_topic14", "method"=>"run2", "message"=>"After + 80 - 89", "args"=>["n = ", 74]}]
This is [{"topic"=>"karafka_topic14", "method"=>"run2", "message"=>"After + 80 - 89", "args"=>["n = ", 75]}]
This is [{"topic"=>"karafka_topic14", "method"=>"run2", "message"=>"After + 80 - 89", "args"=>["n = ", 76]}]
This is [{"topic"=>"karafka_topic14", "method"=>"run2", "message"=>"After + 80 - 89", "args"=>["n = ", 77]}]
This is [{"topic"=>"karafka_topic14", "method"=>"run2", "message"=>"After + 80 - 89", "args"=>["n = ", 78]}]
This is [{"topic"=>"karafka_topic14", "method"=>"run2", "message"=>"After + 80 - 89", "args"=>["n = ", 79]}]
This is [{"topic"=>"karafka_topic14", "method"=>"run2", "message"=>"After + 80 - 89", "args"=>["n = ", 80]}]
This is [{"topic"=>"karafka_topic14", "method"=>"run2", "message"=>"After + 80 - 89", "args"=>["n = ", 81]}]
This is [{"topic"=>"karafka_topic14", "method"=>"run2", "message"=>"After + 80 - 89", "args"=>["n = ", 82]}]
This is [{"topic"=>"karafka_topic14", "method"=>"run2", "message"=>"After + 80 - 89", "args"=>["n = ", 83]}]
This is [{"topic"=>"karafka_topic14", "method"=>"run2", "message"=>"After + 80 - 89", "args"=>["n = ", 84]}]
This is [{"topic"=>"karafka_topic14", "method"=>"run2", "message"=>"After + 80 - 89", "args"=>["n = ", 85]}]
This is [{"topic"=>"karafka_topic14", "method"=>"run2", "message"=>"After + 80 - 89", "args"=>["n = ", 86]}]
This is [{"topic"=>"karafka_topic14", "method"=>"run2", "message"=>"After + 80 - 89", "args"=>["n = ", 87]}]
This is [{"topic"=>"karafka_topic14", "method"=>"run2", "message"=>"After + 80 - 89", "args"=>["n = ", 88]}]
This is [{"topic"=>"karafka_topic14", "method"=>"run2", "message"=>"After + 80 - 89", "args"=>["n = ", 89]}]
This is [{"topic"=>"karafka_topic14", "method"=>"run2", "message"=>"After + 80 - 89", "args"=>["n = ", 90]}]
This is [{"topic"=>"karafka_topic14", "method"=>"run2", "message"=>"After + 80 - 89", "args"=>["n = ", 91]}]
This is [{"topic"=>"karafka_topic14", "method"=>"run2", "message"=>"After + 80 - 89", "args"=>["n = ", 92]}]
This is [{"topic"=>"karafka_topic14", "method"=>"run2", "message"=>"After + 80 - 89", "args"=>["n = ", 93]}]
This is [{"topic"=>"karafka_topic14", "method"=>"run2", "message"=>"After + 80 - 89", "args"=>["n = ", 94]}]
This is [{"topic"=>"karafka_topic14", "method"=>"run2", "message"=>"After + 80 - 89", "args"=>["n = ", 95]}]
This is [{"topic"=>"karafka_topic14", "method"=>"run2", "message"=>"After + 80 - 89", "args"=>["n = ", 96]}]
This is [{"topic"=>"karafka_topic14", "method"=>"run2", "message"=>"After + 80 - 89", "args"=>["n = ", 97]}]
This is [{"topic"=>"karafka_topic14", "method"=>"run2", "message"=>"After + 80 - 89", "args"=>["n = ", 98]}]
This is [{"topic"=>"karafka_topic14", "method"=>"run2", "message"=>"After + 80 - 89", "args"=>["n = ", 99]}]
This is [{"topic"=>"karafka_topic14", "method"=>"run2", "message"=>"After + 80 - 89", "args"=>["n = ", 100]}]
This is [{"topic"=>"karafka_topic14", "method"=>"run2", "message"=>"After + 80 - 89", "args"=>["n = ", 8]}]
This is [{"topic"=>"karafka_topic14", "method"=>"run2", "message"=>"After + 80 - 89", "args"=>["n = ", 11]}]
This is [{"topic"=>"karafka_topic14", "method"=>"run2", "message"=>"After + 80 - 89", "args"=>["n = ", 33]}]
This is [{"topic"=>"karafka_topic14", "method"=>"run2", "message"=>"After + 80 - 89", "args"=>["n = ", 35]}]
This is [{"topic"=>"karafka_topic14", "method"=>"run2", "message"=>"After + 80 - 89", "args"=>["n = ", 41]}]
This is [{"topic"=>"karafka_topic14", "method"=>"run2", "message"=>"After + 80 - 89", "args"=>["n = ", 42]}]
This is [{"topic"=>"karafka_topic14", "method"=>"run2", "message"=>"After + 80 - 89", "args"=>["n = ", 45]}]
This is [{"topic"=>"karafka_topic14", "method"=>"run2", "message"=>"After + 80 - 89", "args"=>["n = ", 46]}]
This is [{"topic"=>"karafka_topic14", "method"=>"run2", "message"=>"After + 80 - 89", "args"=>["n = ", 50]}]
This is [{"topic"=>"karafka_topic14", "method"=>"run2", "message"=>"After + 80 - 89", "args"=>["n = ", 52]}]
This is [{"topic"=>"karafka_topic14", "method"=>"run2", "message"=>"After + 80 - 89", "args"=>["n = ", 57]}]
This is [{"topic"=>"karafka_topic14", "method"=>"run2", "message"=>"After + 80 - 89", "args"=>["n = ", 61]}]
This is [{"topic"=>"karafka_topic14", "method"=>"run2", "message"=>"After + 80 - 89", "args"=>["n = ", 68]}]
This is [{"topic"=>"karafka_topic14", "method"=>"run2", "message"=>"After + 80 - 89", "args"=>["n = ", 72]}]
This is [{"topic"=>"karafka_topic14", "method"=>"run2", "message"=>"After + 80 - 89", "args"=>["n = ", 74]}]
This is [{"topic"=>"karafka_topic14", "method"=>"run2", "message"=>"After + 80 - 89", "args"=>["n = ", 77]}]
This is [{"topic"=>"karafka_topic14", "method"=>"run2", "message"=>"After + 80 - 89", "args"=>["n = ", 80]}]
This is [{"topic"=>"karafka_topic14", "method"=>"run2", "message"=>"After + 80 - 89", "args"=>["n = ", 83]}]
This is [{"topic"=>"karafka_topic14", "method"=>"run2", "message"=>"After + 80 - 89", "args"=>["n = ", 89]}]
This is [{"topic"=>"karafka_topic14", "method"=>"run2", "message"=>"After + 80 - 89", "args"=>["n = ", 98]}]
This is [{"topic"=>"karafka_topic14", "method"=>"run2", "message"=>"After + 80 - 89", "args"=>["n = ", 100]}]
[{"topic"=>"karafka_topic14", "method"=>"run2", "message"=>"After + 80 - 89", "args"=>["n = ", 1]}]
[{"topic"=>"karafka_topic14", "method"=>"run2", "message"=>"After + 80 - 89", "args"=>["n = ", 6]}]
[{"topic"=>"karafka_topic14", "method"=>"run2", "message"=>"After + 80 - 89", "args"=>["n = ", 15]}]
[{"topic"=>"karafka_topic14", "method"=>"run2", "message"=>"After + 80 - 89", "args"=>["n = ", 18]}]
[{"topic"=>"karafka_topic14", "method"=>"run2", "message"=>"After + 80 - 89", "args"=>["n = ", 19]}]
[{"topic"=>"karafka_topic14", "method"=>"run2", "message"=>"After + 80 - 89", "args"=>["n = ", 24]}]
[{"topic"=>"karafka_topic14", "method"=>"run2", "message"=>"After + 80 - 89", "args"=>["n = ", 30]}]
[{"topic"=>"karafka_topic14", "method"=>"run2", "message"=>"After + 80 - 89", "args"=>["n = ", 22]}]
[{"topic"=>"karafka_topic14", "method"=>"run2", "message"=>"After + 80 - 89", "args"=>["n = ", 32]}]
[{"topic"=>"karafka_topic14", "method"=>"run2", "message"=>"After + 80 - 89", "args"=>["n = ", 29]}]
[{"topic"=>"karafka_topic14", "method"=>"run2", "message"=>"After + 80 - 89", "args"=>["n = ", 31]}]
[{"topic"=>"karafka_topic14", "method"=>"run2", "message"=>"After + 80 - 89", "args"=>["n = ", 35]}]
[{"topic"=>"karafka_topic14", "method"=>"run2", "message"=>"After + 80 - 89", "args"=>["n = ", 46]}]
[{"topic"=>"karafka_topic14", "method"=>"run2", "message"=>"After + 80 - 89", "args"=>["n = ", 47]}]
[{"topic"=>"karafka_topic14", "method"=>"run2", "message"=>"After + 80 - 89", "args"=>["n = ", 60]}]
[{"topic"=>"karafka_topic14", "method"=>"run2", "message"=>"After + 80 - 89", "args"=>["n = ", 63]}]
[{"topic"=>"karafka_topic14", "method"=>"run2", "message"=>"After + 80 - 89", "args"=>["n = ", 56]}]
[{"topic"=>"karafka_topic14", "method"=>"run2", "message"=>"After + 80 - 89", "args"=>["n = ", 70]}]
[{"topic"=>"karafka_topic14", "method"=>"run2", "message"=>"After + 80 - 89", "args"=>["n = ", 86]}]
[{"topic"=>"karafka_topic14", "method"=>"run2", "message"=>"After + 80 - 89", "args"=>["n = ", 95]}]
[{"topic"=>"karafka_topic14", "method"=>"run2", "message"=>"After + 80 - 89", "args"=>["n = ", 87]}]
[{"topic"=>"karafka_topic14", "method"=>"run2", "message"=>"After + 80 - 89", "args"=>["n = ", 97]}]
This is [{"topic"=>"karafka_topic14", "method"=>"run2", "message"=>"After + 80 - 89", "args"=>["n = ", 11]}]
This is [{"topic"=>"karafka_topic14", "method"=>"run2", "message"=>"After + 80 - 89", "args"=>["n = ", 16]}]
This is [{"topic"=>"karafka_topic14", "method"=>"run2", "message"=>"After + 80 - 89", "args"=>["n = ", 18]}]
This is [{"topic"=>"karafka_topic14", "method"=>"run2", "message"=>"After + 80 - 89", "args"=>["n = ", 24]}]
This is [{"topic"=>"karafka_topic14", "method"=>"run2", "message"=>"After + 80 - 89", "args"=>["n = ", 32]}]
This is [{"topic"=>"karafka_topic14", "method"=>"run2", "message"=>"After + 80 - 89", "args"=>["n = ", 53]}]
This is [{"topic"=>"karafka_topic14", "method"=>"run2", "message"=>"After + 80 - 89", "args"=>["n = ", 37]}]
This is [{"topic"=>"karafka_topic14", "method"=>"run2", "message"=>"After + 80 - 89", "args"=>["n = ", 43]}]
This is [{"topic"=>"karafka_topic14", "method"=>"run2", "message"=>"After + 80 - 89", "args"=>["n = ", 69]}]
This is [{"topic"=>"karafka_topic14", "method"=>"run2", "message"=>"After + 80 - 89", "args"=>["n = ", 85]}]
This is [{"topic"=>"karafka_topic14", "method"=>"run2", "message"=>"After + 80 - 89", "args"=>["n = ", 72]}]
This is [{"topic"=>"karafka_topic14", "method"=>"run2", "message"=>"After + 80 - 89", "args"=>["n = ", 67]}]
This is [{"topic"=>"karafka_topic14", "method"=>"run2", "message"=>"After + 80 - 89", "args"=>["n = ", 57]}]
This is [{"topic"=>"karafka_topic14", "method"=>"run2", "message"=>"After + 80 - 89", "args"=>["n = ", 91]}]
This is [{"topic"=>"karafka_topic14", "method"=>"run2", "message"=>"After + 80 - 89", "args"=>["n = ", 98]}]
This is [{"topic"=>"karafka_topic14", "method"=>"run2", "message"=>"After + 80 - 89", "args"=>["n = ", 5]}]
This is [{"topic"=>"karafka_topic14", "method"=>"run2", "message"=>"After + 80 - 89", "args"=>["n = ", 16]}]
This is [{"topic"=>"karafka_topic14", "method"=>"run2", "message"=>"After + 80 - 89", "args"=>["n = ", 42]}]
This is [{"topic"=>"karafka_topic14", "method"=>"run2", "message"=>"After + 80 - 89", "args"=>["n = ", 51]}]
This is [{"topic"=>"karafka_topic14", "method"=>"run2", "message"=>"After + 80 - 89", "args"=>["n = ", 23]}]
This is [{"topic"=>"karafka_topic14", "method"=>"run2", "message"=>"After + 80 - 89", "args"=>["n = ", 36]}]
This is [{"topic"=>"karafka_topic14", "method"=>"run2", "message"=>"After + 80 - 89", "args"=>["n = ", 63]}]
This is [{"topic"=>"karafka_topic14", "method"=>"run2", "message"=>"After + 80 - 89", "args"=>["n = ", 71]}]
This is [{"topic"=>"karafka_topic14", "method"=>"run2", "message"=>"After + 80 - 89", "args"=>["n = ", 78]}]
This is [{"topic"=>"karafka_topic14", "method"=>"run2", "message"=>"After + 80 - 89", "args"=>["n = ", 99]}]
This is [{"topic"=>"karafka_topic14", "method"=>"run2", "message"=>"After + 80 - 89", "args"=>["n = ", 88]}]
This is [{"topic"=>"karafka_topic14", "method"=>"run2", "message"=>"After + 80 - 89", "args"=>["n = ", 97]}]
This is [{"topic"=>"karafka_topic14", "method"=>"run2", "message"=>"After + 80 - 89", "args"=>["n = ", 1]}]
This is [{"topic"=>"karafka_topic14", "method"=>"run2", "message"=>"After + 80 - 89", "args"=>["n = ", 10]}]
This is [{"topic"=>"karafka_topic14", "method"=>"run2", "message"=>"After + 80 - 89", "args"=>["n = ", 9]}]
This is [{"topic"=>"karafka_topic14", "method"=>"run2", "message"=>"After + 80 - 89", "args"=>["n = ", 18]}]
This is [{"topic"=>"karafka_topic14", "method"=>"run2", "message"=>"After + 80 - 89", "args"=>["n = ", 12]}]
This is [{"topic"=>"karafka_topic14", "method"=>"run2", "message"=>"After + 80 - 89", "args"=>["n = ", 15]}]
This is [{"topic"=>"karafka_topic14", "method"=>"run2", "message"=>"After + 80 - 89", "args"=>["n = ", 20]}]
This is [{"topic"=>"karafka_topic14", "method"=>"run2", "message"=>"After + 80 - 89", "args"=>["n = ", 29]}]
This is [{"topic"=>"karafka_topic14", "method"=>"run2", "message"=>"After + 80 - 89", "args"=>["n = ", 45]}]
This is [{"topic"=>"karafka_topic14", "method"=>"run2", "message"=>"After + 80 - 89", "args"=>["n = ", 39]}]
This is [{"topic"=>"karafka_topic14", "method"=>"run2", "message"=>"After + 80 - 89", "args"=>["n = ", 33]}]
This is [{"topic"=>"karafka_topic14", "method"=>"run2", "message"=>"After + 80 - 89", "args"=>["n = ", 23]}]
This is [{"topic"=>"karafka_topic14", "method"=>"run2", "message"=>"After + 80 - 89", "args"=>["n = ", 48]}]
This is [{"topic"=>"karafka_topic14", "method"=>"run2", "message"=>"After + 80 - 89", "args"=>["n = ", 52]}]
This is [{"topic"=>"karafka_topic14", "method"=>"run2", "message"=>"After + 80 - 89", "args"=>["n = ", 56]}]
This is [{"topic"=>"karafka_topic14", "method"=>"run2", "message"=>"After + 80 - 89", "args"=>["n = ", 58]}]
This is [{"topic"=>"karafka_topic14", "method"=>"run2", "message"=>"After + 80 - 89", "args"=>["n = ", 59]}]
This is [{"topic"=>"karafka_topic14", "method"=>"run2", "message"=>"After + 80 - 89", "args"=>["n = ", 62]}]
This is [{"topic"=>"karafka_topic14", "method"=>"run2", "message"=>"After + 80 - 89", "args"=>["n = ", 67]}]
This is [{"topic"=>"karafka_topic14", "method"=>"run2", "message"=>"After + 80 - 89", "args"=>["n = ", 82]}]
This is [{"topic"=>"karafka_topic14", "method"=>"run2", "message"=>"After + 80 - 89", "args"=>["n = ", 90]}]
This is [{"topic"=>"karafka_topic14", "method"=>"run2", "message"=>"After + 80 - 89", "args"=>["n = ", 79]}]
This is [{"topic"=>"karafka_topic14", "method"=>"run2", "message"=>"After + 80 - 89", "args"=>["n = ", 96]}]
This is [{"topic"=>"karafka_topic14", "method"=>"run2", "message"=>"After + 80 - 89", "args"=>["n = ", 99]}]
This is [{"topic"=>"karafka_topic14", "method"=>"run2", "message"=>"After + 80 - 89", "args"=>["n = ", 98]}]



-------





This is [{"topic"=>"karafka_topic14", "method"=>"run2", "message"=>"After + 80 - 89", "args"=>["n = ", 5]}]
This is [{"topic"=>"karafka_topic14", "method"=>"run2", "message"=>"After + 80 - 89", "args"=>["n = ", 11]}]
This is [{"topic"=>"karafka_topic14", "method"=>"run2", "message"=>"After + 80 - 89", "args"=>["n = ", 16]}]
This is [{"topic"=>"karafka_topic14", "method"=>"run2", "message"=>"After + 80 - 89", "args"=>["n = ", 42]}]
This is [{"topic"=>"karafka_topic14", "method"=>"run2", "message"=>"After + 80 - 89", "args"=>["n = ", 28]}]
This is [{"topic"=>"karafka_topic14", "method"=>"run2", "message"=>"After + 80 - 89", "args"=>["n = ", 27]}]
This is [{"topic"=>"karafka_topic14", "method"=>"run2", "message"=>"After + 80 - 89", "args"=>["n = ", 45]}]
This is [{"topic"=>"karafka_topic14", "method"=>"run2", "message"=>"After + 80 - 89", "args"=>["n = ", 31]}]
This is [{"topic"=>"karafka_topic14", "method"=>"run2", "message"=>"After + 80 - 89", "args"=>["n = ", 40]}]
This is [{"topic"=>"karafka_topic14", "method"=>"run2", "message"=>"After + 80 - 89", "args"=>["n = ", 47]}]
This is [{"topic"=>"karafka_topic14", "method"=>"run2", "message"=>"After + 80 - 89", "args"=>["n = ", 49]}]
This is [{"topic"=>"karafka_topic14", "method"=>"run2", "message"=>"After + 80 - 89", "args"=>["n = ", 55]}]
This is [{"topic"=>"karafka_topic14", "method"=>"run2", "message"=>"After + 80 - 89", "args"=>["n = ", 62]}]
This is [{"topic"=>"karafka_topic14", "method"=>"run2", "message"=>"After + 80 - 89", "args"=>["n = ", 59]}]
This is [{"topic"=>"karafka_topic14", "method"=>"run2", "message"=>"After + 80 - 89", "args"=>["n = ", 65]}]
This is [{"topic"=>"karafka_topic14", "method"=>"run2", "message"=>"After + 80 - 89", "args"=>["n = ", 68]}]
This is [{"topic"=>"karafka_topic14", "method"=>"run2", "message"=>"After + 80 - 89", "args"=>["n = ", 70]}]
This is [{"topic"=>"karafka_topic14", "method"=>"run2", "message"=>"After + 80 - 89", "args"=>["n = ", 71]}]
This is [{"topic"=>"karafka_topic14", "method"=>"run2", "message"=>"After + 80 - 89", "args"=>["n = ", 81]}]
This is [{"topic"=>"karafka_topic14", "method"=>"run2", "message"=>"After + 80 - 89", "args"=>["n = ", 77]}]
This is [{"topic"=>"karafka_topic14", "method"=>"run2", "message"=>"After + 80 - 89", "args"=>["n = ", 82]}]
This is [{"topic"=>"karafka_topic14", "method"=>"run2", "message"=>"After + 80 - 89", "args"=>["n = ", 86]}]
This is [{"topic"=>"karafka_topic14", "method"=>"run2", "message"=>"After + 80 - 89", "args"=>["n = ", 9]}]
This is [{"topic"=>"karafka_topic14", "method"=>"run2", "message"=>"After + 80 - 89", "args"=>["n = ", 17]}]
This is [{"topic"=>"karafka_topic14", "method"=>"run2", "message"=>"After + 80 - 89", "args"=>["n = ", 18]}]
This is [{"topic"=>"karafka_topic14", "method"=>"run2", "message"=>"After + 80 - 89", "args"=>["n = ", 21]}]
This is [{"topic"=>"karafka_topic14", "method"=>"run2", "message"=>"After + 80 - 89", "args"=>["n = ", 22]}]
This is [{"topic"=>"karafka_topic14", "method"=>"run2", "message"=>"After + 80 - 89", "args"=>["n = ", 23]}]
This is [{"topic"=>"karafka_topic14", "method"=>"run2", "message"=>"After + 80 - 89", "args"=>["n = ", 25]}]
This is [{"topic"=>"karafka_topic14", "method"=>"run2", "message"=>"After + 80 - 89", "args"=>["n = ", 27]}]
This is [{"topic"=>"karafka_topic14", "method"=>"run2", "message"=>"After + 80 - 89", "args"=>["n = ", 30]}]
This is [{"topic"=>"karafka_topic14", "method"=>"run2", "message"=>"After + 80 - 89", "args"=>["n = ", 31]}]
This is [{"topic"=>"karafka_topic14", "method"=>"run2", "message"=>"After + 80 - 89", "args"=>["n = ", 48]}]
This is [{"topic"=>"karafka_topic14", "method"=>"run2", "message"=>"After + 80 - 89", "args"=>["n = ", 52]}]
This is [{"topic"=>"karafka_topic14", "method"=>"run2", "message"=>"After + 80 - 89", "args"=>["n = ", 54]}]
This is [{"topic"=>"karafka_topic14", "method"=>"run2", "message"=>"After + 80 - 89", "args"=>["n = ", 55]}]
This is [{"topic"=>"karafka_topic14", "method"=>"run2", "message"=>"After + 80 - 89", "args"=>["n = ", 75]}]
This is [{"topic"=>"karafka_topic14", "method"=>"run2", "message"=>"After + 80 - 89", "args"=>["n = ", 64]}]
This is [{"topic"=>"karafka_topic14", "method"=>"run2", "message"=>"After + 80 - 89", "args"=>["n = ", 77]}]
This is [{"topic"=>"karafka_topic14", "method"=>"run2", "message"=>"After + 80 - 89", "args"=>["n = ", 74]}]
This is [{"topic"=>"karafka_topic14", "method"=>"run2", "message"=>"After + 80 - 89", "args"=>["n = ", 81]}]
This is [{"topic"=>"karafka_topic14", "method"=>"run2", "message"=>"After + 80 - 89", "args"=>["n = ", 85]}]
This is [{"topic"=>"karafka_topic14", "method"=>"run2", "message"=>"After + 80 - 89", "args"=>["n = ", 82]}]
This is [{"topic"=>"karafka_topic14", "method"=>"run2", "message"=>"After + 80 - 89", "args"=>["n = ", 86]}]
This is [{"topic"=>"karafka_topic14", "method"=>"run2", "message"=>"After + 80 - 89", "args"=>["n = ", 89]}]
This is [{"topic"=>"karafka_topic14", "method"=>"run2", "message"=>"After + 80 - 89", "args"=>["n = ", 96]}]
This is [{"topic"=>"karafka_topic14", "method"=>"run2", "message"=>"After + 80 - 89", "args"=>["n = ", 95]}]
This is [{"topic"=>"karafka_topic14", "method"=>"run2", "message"=>"After + 80 - 89", "args"=>["n = ", 98]}]
This is [{"topic"=>"karafka_topic14", "method"=>"run2", "message"=>"After + 80 - 89", "args"=>["n = ", 97]}]
This is [{"topic"=>"karafka_topic14", "method"=>"run2", "message"=>"After + 80 - 89", "args"=>["n = ", 100]}]
This is [{"topic"=>"karafka_topic14", "method"=>"run2", "message"=>"After + 80 - 89", "args"=>["n = ", 2], "first_round"=>47, "next_round"=>42}]
This is [{"topic"=>"karafka_topic14", "method"=>"run2", "message"=>"After + 80 - 89", "args"=>["n = ", 5], "first_round"=>46, "next_round"=>38}]
This is [{"topic"=>"karafka_topic14", "method"=>"run2", "message"=>"After + 80 - 89", "args"=>["n = ", 7], "first_round"=>49, "next_round"=>40}]
This is [{"topic"=>"karafka_topic14", "method"=>"run2", "message"=>"After + 80 - 89", "args"=>["n = ", 13], "first_round"=>35, "next_round"=>35}]
This is [{"topic"=>"karafka_topic14", "method"=>"run2", "message"=>"After + 80 - 89", "args"=>["n = ", 9], "first_round"=>33, "next_round"=>45}]
This is [{"topic"=>"karafka_topic14", "method"=>"run2", "message"=>"After + 80 - 89", "args"=>["n = ", 14], "first_round"=>38, "next_round"=>34}]
This is [{"topic"=>"karafka_topic14", "method"=>"run2", "message"=>"After + 80 - 89", "args"=>["n = ", 22], "first_round"=>41, "next_round"=>31}]
This is [{"topic"=>"karafka_topic14", "method"=>"run2", "message"=>"After + 80 - 89", "args"=>["n = ", 16], "first_round"=>49, "next_round"=>48}]
This is [{"topic"=>"karafka_topic14", "method"=>"run2", "message"=>"After + 80 - 89", "args"=>["n = ", 18], "first_round"=>42, "next_round"=>49}]
This is [{"topic"=>"karafka_topic14", "method"=>"run2", "message"=>"After + 80 - 89", "args"=>["n = ", 40], "first_round"=>45, "next_round"=>42}]
This is [{"topic"=>"karafka_topic14", "method"=>"run2", "message"=>"After + 80 - 89", "args"=>["n = ", 21], "first_round"=>29, "next_round"=>31}]
This is [{"topic"=>"karafka_topic14", "method"=>"run2", "message"=>"After + 80 - 89", "args"=>["n = ", 30], "first_round"=>39, "next_round"=>33}]
This is [{"topic"=>"karafka_topic14", "method"=>"run2", "message"=>"After + 80 - 89", "args"=>["n = ", 53], "first_round"=>30, "next_round"=>48}]
This is [{"topic"=>"karafka_topic14", "method"=>"run2", "message"=>"After + 80 - 89", "args"=>["n = ", 41], "first_round"=>45, "next_round"=>35}]
This is [{"topic"=>"karafka_topic14", "method"=>"run2", "message"=>"After + 80 - 89", "args"=>["n = ", 54], "first_round"=>28, "next_round"=>28}]
This is [{"topic"=>"karafka_topic14", "method"=>"run2", "message"=>"After + 80 - 89", "args"=>["n = ", 57], "first_round"=>36, "next_round"=>37}]
This is [{"topic"=>"karafka_topic14", "method"=>"run2", "message"=>"After + 80 - 89", "args"=>["n = ", 66], "first_round"=>38, "next_round"=>27}]
This is [{"topic"=>"karafka_topic14", "method"=>"run2", "message"=>"After + 80 - 89", "args"=>["n = ", 70], "first_round"=>39, "next_round"=>47}]
This is [{"topic"=>"karafka_topic14", "method"=>"run2", "message"=>"After + 80 - 89", "args"=>["n = ", 88], "first_round"=>47, "next_round"=>26}]
This is [{"topic"=>"karafka_topic14", "method"=>"run2", "message"=>"After + 80 - 89", "args"=>["n = ", 83], "first_round"=>37, "next_round"=>45}]
This is [{"topic"=>"karafka_topic14", "method"=>"run2", "message"=>"After + 80 - 89", "args"=>["n = ", 86], "first_round"=>26, "next_round"=>26}]
This is [{"topic"=>"karafka_topic14", "method"=>"run2", "message"=>"After + 80 - 89", "args"=>["n = ", 89], "first_round"=>33, "next_round"=>36}]
This is [{"topic"=>"karafka_topic14", "method"=>"run2", "message"=>"After + 80 - 89", "args"=>["n = ", 92], "first_round"=>41, "next_round"=>44}]
This is [{"topic"=>"karafka_topic14", "method"=>"run2", "message"=>"After + 80 - 89", "args"=>["n = ", 99], "first_round"=>44, "next_round"=>30}]
This is [{"topic"=>"karafka_topic14", "method"=>"run2", "message"=>"After + 80 - 89", "args"=>["n = ", 95], "first_round"=>43, "next_round"=>48}]
This is [{"topic"=>"karafka_topic14", "method"=>"run2", "message"=>"After + 80 - 89", "args"=>["n = ", 2], "first_round"=>46, "next_round"=>34}]
This is [{"topic"=>"karafka_topic14", "method"=>"run2", "message"=>"After + 80 - 89", "args"=>["n = ", 4], "first_round"=>39, "next_round"=>46}]
This is [{"topic"=>"karafka_topic14", "method"=>"run2", "message"=>"After + 80 - 89", "args"=>["n = ", 11], "first_round"=>46, "next_round"=>47}]
This is [{"topic"=>"karafka_topic14", "method"=>"run2", "message"=>"After + 80 - 89", "args"=>["n = ", 13], "first_round"=>49, "next_round"=>32}]
This is [{"topic"=>"karafka_topic14", "method"=>"run2", "message"=>"After + 80 - 89", "args"=>["n = ", 15], "first_round"=>27, "next_round"=>34}]
This is [{"topic"=>"karafka_topic14", "method"=>"run2", "message"=>"After + 80 - 89", "args"=>["n = ", 24], "first_round"=>28, "next_round"=>48}]
This is [{"topic"=>"karafka_topic14", "method"=>"run2", "message"=>"After + 80 - 89", "args"=>["n = ", 25], "first_round"=>36, "next_round"=>32}]
This is [{"topic"=>"karafka_topic14", "method"=>"run2", "message"=>"After + 80 - 89", "args"=>["n = ", 34], "first_round"=>35, "next_round"=>44}]
This is [{"topic"=>"karafka_topic14", "method"=>"run2", "message"=>"After + 80 - 89", "args"=>["n = ", 32], "first_round"=>34, "next_round"=>38}]
This is [{"topic"=>"karafka_topic14", "method"=>"run2", "message"=>"After + 80 - 89", "args"=>["n = ", 35], "first_round"=>37, "next_round"=>29}]
This is [{"topic"=>"karafka_topic14", "method"=>"run2", "message"=>"After + 80 - 89", "args"=>["n = ", 36], "first_round"=>38, "next_round"=>28}]
This is [{"topic"=>"karafka_topic14", "method"=>"run2", "message"=>"After + 80 - 89", "args"=>["n = ", 39], "first_round"=>42, "next_round"=>27}]
This is [{"topic"=>"karafka_topic14", "method"=>"run2", "message"=>"After + 80 - 89", "args"=>["n = ", 41], "first_round"=>48, "next_round"=>42}]
This is [{"topic"=>"karafka_topic14", "method"=>"run2", "message"=>"After + 80 - 89", "args"=>["n = ", 42], "first_round"=>33, "next_round"=>45}]
This is [{"topic"=>"karafka_topic14", "method"=>"run2", "message"=>"After + 80 - 89", "args"=>["n = ", 44], "first_round"=>34, "next_round"=>30}]
This is [{"topic"=>"karafka_topic14", "method"=>"run2", "message"=>"After + 80 - 89", "args"=>["n = ", 50], "first_round"=>48, "next_round"=>47}]
This is [{"topic"=>"karafka_topic14", "method"=>"run2", "message"=>"After + 80 - 89", "args"=>["n = ", 51], "first_round"=>27, "next_round"=>45}]
This is [{"topic"=>"karafka_topic14", "method"=>"run2", "message"=>"After + 80 - 89", "args"=>["n = ", 52], "first_round"=>28, "next_round"=>41}]
This is [{"topic"=>"karafka_topic14", "method"=>"run2", "message"=>"After + 80 - 89", "args"=>["n = ", 63], "first_round"=>45, "next_round"=>37}]
This is [{"topic"=>"karafka_topic14", "method"=>"run2", "message"=>"After + 80 - 89", "args"=>["n = ", 56], "first_round"=>31, "next_round"=>32}]
This is [{"topic"=>"karafka_topic14", "method"=>"run2", "message"=>"After + 80 - 89", "args"=>["n = ", 55], "first_round"=>27, "next_round"=>38}]
This is [{"topic"=>"karafka_topic14", "method"=>"run2", "message"=>"After + 80 - 89", "args"=>["n = ", 68], "first_round"=>34, "next_round"=>36}]
This is [{"topic"=>"karafka_topic14", "method"=>"run2", "message"=>"After + 80 - 89", "args"=>["n = ", 77], "first_round"=>48, "next_round"=>31}]
This is [{"topic"=>"karafka_topic14", "method"=>"run2", "message"=>"After + 80 - 89", "args"=>["n = ", 83], "first_round"=>49, "next_round"=>41}]
This is [{"topic"=>"karafka_topic14", "method"=>"run2", "message"=>"After + 80 - 89", "args"=>["n = ", 84], "first_round"=>44, "next_round"=>48}]
This is [{"topic"=>"karafka_topic14", "method"=>"run2", "message"=>"After + 80 - 89", "args"=>["n = ", 91], "first_round"=>29, "next_round"=>39}]
This is [{"topic"=>"karafka_topic14", "method"=>"run2", "message"=>"After + 80 - 89", "args"=>["n = ", 87], "first_round"=>43, "next_round"=>47}]
This is [{"topic"=>"karafka_topic14", "method"=>"run2", "message"=>"After + 80 - 89", "args"=>["n = ", 93], "first_round"=>41, "next_round"=>30}]
This is [{"topic"=>"karafka_topic14", "method"=>"run2", "message"=>"After + 80 - 89", "args"=>["n = ", 99], "first_round"=>26, "next_round"=>40}]
This is [{"topic"=>"karafka_topic14", "method"=>"run2", "message"=>"After + 80 - 89", "args"=>["n = ", 98], "first_round"=>35, "next_round"=>46}]
eeee